<?xml version="1.0" encoding="UTF-8"?>
<!-- Generated by org.testng.reporters.JUnitReportReporter -->
<testsuite hostname="EPINHYDW06A0" failures="0" tests="1" name="com.epam.oops.composition.CompositionTest" time="0.003" errors="0" timestamp="2021-02-06T10:46:02 IST" skipped="0">
  <testcase classname="com.epam.oops.composition.CompositionTest" name="validateComposition" time="0.003"/>
  <system-out/>
</testsuite> <!-- com.epam.oops.composition.CompositionTest -->
