<?xml version="1.0" encoding="UTF-8"?>
<!-- Generated by org.testng.reporters.JUnitReportReporter -->
<testsuite hostname="EPINHYDW06A0" failures="0" tests="1" name="com.epam.oops.encapsulation.EncapsulationTest" time="0.002" errors="0" timestamp="2021-02-06T10:46:02 IST" skipped="0">
  <testcase classname="com.epam.oops.encapsulation.EncapsulationTest" name="validateEncapsulation" time="0.002"/>
  <system-out/>
</testsuite> <!-- com.epam.oops.encapsulation.EncapsulationTest -->
