<?xml version="1.0" encoding="UTF-8"?>
<!-- Generated by org.testng.reporters.JUnitReportReporter -->
<testsuite hostname="EPINHYDW06A0" failures="0" tests="1" name="com.epam.oops.abstraction.BrowserTest" time="1.914" errors="0" timestamp="2021-02-06T10:46:02 IST" skipped="0">
  <testcase classname="com.epam.oops.abstraction.BrowserTest" name="getBrowserAndNavigate" time="1.914"/>
  <system-out/>
</testsuite> <!-- com.epam.oops.abstraction.BrowserTest -->
